<?xml version="1.0" encoding="UTF-8"?>
<testsuite xmlns:xsi="http://www.w3.org/2001/XMLSchema-instance" xsi:noNamespaceSchemaLocation="https://maven.apache.org/surefire/maven-surefire-plugin/xsd/surefire-test-report.xsd" name="org.example.AppTest" time="0.019" tests="1" errors="0" skipped="0" failures="0">
  <properties>
    <property name="sun.desktop" value="windows"/>
    <property name="awt.toolkit" value="sun.awt.windows.WToolkit"/>
    <property name="file.encoding.pkg" value="sun.io"/>
    <property name="java.specification.version" value="1.8"/>
    <property name="sun.cpu.isalist" value="amd64"/>
    <property name="sun.jnu.encoding" value="GBK"/>
    <property name="java.class.path" value="F:\workspace\my-note\dubbo\dubbo-server-sample\dubbo-server\target\test-classes;F:\workspace\my-note\dubbo\dubbo-server-sample\dubbo-server\target\classes;C:\Users\MaLin\.m2\repository\junit\junit\4.11\junit-4.11.jar;C:\Users\MaLin\.m2\repository\org\hamcrest\hamcrest-core\1.3\hamcrest-core-1.3.jar;F:\workspace\my-note\dubbo\dubbo-server-sample\dubbo-server-api\target\dubbo-server-api-1.0-SNAPSHOT.jar;C:\Users\MaLin\.m2\repository\org\apache\dubbo\dubbo\2.7.8\dubbo-2.7.8.jar;C:\Users\MaLin\.m2\repository\org\springframework\spring-context\4.3.16.RELEASE\spring-context-4.3.16.RELEASE.jar;C:\Users\MaLin\.m2\repository\org\springframework\spring-aop\4.3.16.RELEASE\spring-aop-4.3.16.RELEASE.jar;C:\Users\MaLin\.m2\repository\org\springframework\spring-beans\4.3.16.RELEASE\spring-beans-4.3.16.RELEASE.jar;C:\Users\MaLin\.m2\repository\org\springframework\spring-core\4.3.16.RELEASE\spring-core-4.3.16.RELEASE.jar;C:\Users\MaLin\.m2\repository\commons-logging\commons-logging\1.2\commons-logging-1.2.jar;C:\Users\MaLin\.m2\repository\org\springframework\spring-expression\4.3.16.RELEASE\spring-expression-4.3.16.RELEASE.jar;C:\Users\MaLin\.m2\repository\com\alibaba\spring\spring-context-support\1.0.8\spring-context-support-1.0.8.jar;C:\Users\MaLin\.m2\repository\org\javassist\javassist\3.20.0-GA\javassist-3.20.0-GA.jar;C:\Users\MaLin\.m2\repository\io\netty\netty-all\4.1.25.Final\netty-all-4.1.25.Final.jar;C:\Users\MaLin\.m2\repository\com\google\code\gson\gson\2.8.5\gson-2.8.5.jar;C:\Users\MaLin\.m2\repository\org\yaml\snakeyaml\1.20\snakeyaml-1.20.jar;C:\Users\MaLin\.m2\repository\com\alibaba\fastjson\1.2.70\fastjson-1.2.70.jar;"/>
    <property name="java.vm.vendor" value="Oracle Corporation"/>
    <property name="sun.arch.data.model" value="64"/>
    <property name="user.variant" value=""/>
    <property name="java.vendor.url" value="http://java.oracle.com/"/>
    <property name="user.timezone" value="Asia/Shanghai"/>
    <property name="java.vm.specification.version" value="1.8"/>
    <property name="os.name" value="Windows 10"/>
    <property name="user.country" value="CN"/>
    <property name="sun.java.launcher" value="SUN_STANDARD"/>
    <property name="sun.boot.library.path" value="C:\Program Files\Java\jdk1.8.0_211\jre\bin"/>
    <property name="sun.java.command" value="C:\Users\MaLin\AppData\Local\Temp\surefire8409870578647950426\surefirebooter4783744848765894670.jar C:\Users\MaLin\AppData\Local\Temp\surefire8409870578647950426 2020-11-14T09-34-19_582-jvmRun1 surefire5811182237541127007tmp surefire_11439290050665130721tmp"/>
    <property name="surefire.test.class.path" value="F:\workspace\my-note\dubbo\dubbo-server-sample\dubbo-server\target\test-classes;F:\workspace\my-note\dubbo\dubbo-server-sample\dubbo-server\target\classes;C:\Users\MaLin\.m2\repository\junit\junit\4.11\junit-4.11.jar;C:\Users\MaLin\.m2\repository\org\hamcrest\hamcrest-core\1.3\hamcrest-core-1.3.jar;F:\workspace\my-note\dubbo\dubbo-server-sample\dubbo-server-api\target\dubbo-server-api-1.0-SNAPSHOT.jar;C:\Users\MaLin\.m2\repository\org\apache\dubbo\dubbo\2.7.8\dubbo-2.7.8.jar;C:\Users\MaLin\.m2\repository\org\springframework\spring-context\4.3.16.RELEASE\spring-context-4.3.16.RELEASE.jar;C:\Users\MaLin\.m2\repository\org\springframework\spring-aop\4.3.16.RELEASE\spring-aop-4.3.16.RELEASE.jar;C:\Users\MaLin\.m2\repository\org\springframework\spring-beans\4.3.16.RELEASE\spring-beans-4.3.16.RELEASE.jar;C:\Users\MaLin\.m2\repository\org\springframework\spring-core\4.3.16.RELEASE\spring-core-4.3.16.RELEASE.jar;C:\Users\MaLin\.m2\repository\commons-logging\commons-logging\1.2\commons-logging-1.2.jar;C:\Users\MaLin\.m2\repository\org\springframework\spring-expression\4.3.16.RELEASE\spring-expression-4.3.16.RELEASE.jar;C:\Users\MaLin\.m2\repository\com\alibaba\spring\spring-context-support\1.0.8\spring-context-support-1.0.8.jar;C:\Users\MaLin\.m2\repository\org\javassist\javassist\3.20.0-GA\javassist-3.20.0-GA.jar;C:\Users\MaLin\.m2\repository\io\netty\netty-all\4.1.25.Final\netty-all-4.1.25.Final.jar;C:\Users\MaLin\.m2\repository\com\google\code\gson\gson\2.8.5\gson-2.8.5.jar;C:\Users\MaLin\.m2\repository\org\yaml\snakeyaml\1.20\snakeyaml-1.20.jar;C:\Users\MaLin\.m2\repository\com\alibaba\fastjson\1.2.70\fastjson-1.2.70.jar;"/>
    <property name="sun.cpu.endian" value="little"/>
    <property name="user.home" value="C:\Users\MaLin"/>
    <property name="user.language" value="zh"/>
    <property name="java.specification.vendor" value="Oracle Corporation"/>
    <property name="java.home" value="C:\Program Files\Java\jdk1.8.0_211\jre"/>
    <property name="basedir" value="F:\workspace\my-note\dubbo\dubbo-server-sample\dubbo-server"/>
    <property name="file.separator" value="\"/>
    <property name="line.separator" value="&#10;"/>
    <property name="java.vm.specification.vendor" value="Oracle Corporation"/>
    <property name="java.specification.name" value="Java Platform API Specification"/>
    <property name="java.awt.graphicsenv" value="sun.awt.Win32GraphicsEnvironment"/>
    <property name="surefire.real.class.path" value="C:\Users\MaLin\AppData\Local\Temp\surefire8409870578647950426\surefirebooter4783744848765894670.jar"/>
    <property name="sun.boot.class.path" value="C:\Program Files\Java\jdk1.8.0_211\jre\lib\resources.jar;C:\Program Files\Java\jdk1.8.0_211\jre\lib\rt.jar;C:\Program Files\Java\jdk1.8.0_211\jre\lib\sunrsasign.jar;C:\Program Files\Java\jdk1.8.0_211\jre\lib\jsse.jar;C:\Program Files\Java\jdk1.8.0_211\jre\lib\jce.jar;C:\Program Files\Java\jdk1.8.0_211\jre\lib\charsets.jar;C:\Program Files\Java\jdk1.8.0_211\jre\lib\jfr.jar;C:\Program Files\Java\jdk1.8.0_211\jre\classes"/>
    <property name="user.script" value=""/>
    <property name="sun.management.compiler" value="HotSpot 64-Bit Tiered Compilers"/>
    <property name="java.runtime.version" value="1.8.0_211-b12"/>
    <property name="user.name" value="MaLin"/>
    <property name="path.separator" value=";"/>
    <property name="os.version" value="10.0"/>
    <property name="java.endorsed.dirs" value="C:\Program Files\Java\jdk1.8.0_211\jre\lib\endorsed"/>
    <property name="java.runtime.name" value="Java(TM) SE Runtime Environment"/>
    <property name="file.encoding" value="GBK"/>
    <property name="java.vm.name" value="Java HotSpot(TM) 64-Bit Server VM"/>
    <property name="localRepository" value="C:\Users\MaLin\.m2\repository"/>
    <property name="java.vendor.url.bug" value="http://bugreport.sun.com/bugreport/"/>
    <property name="java.io.tmpdir" value="C:\Users\MaLin\AppData\Local\Temp\"/>
    <property name="idea.version" value="2020.2.1"/>
    <property name="java.version" value="1.8.0_211"/>
    <property name="user.dir" value="F:\workspace\my-note\dubbo\dubbo-server-sample\dubbo-server"/>
    <property name="os.arch" value="amd64"/>
    <property name="java.vm.specification.name" value="Java Virtual Machine Specification"/>
    <property name="java.awt.printerjob" value="sun.awt.windows.WPrinterJob"/>
    <property name="sun.os.patch.level" value=""/>
    <property name="java.library.path" value="C:\Program Files\Java\jdk1.8.0_211\jre\bin;C:\Windows\Sun\Java\bin;C:\Windows\system32;C:\Windows;C:\Program Files (x86)\NetSarang\Xftp 6\;C:\Program Files (x86)\NetSarang\Xshell 6\;C:\Windows\system32;C:\Windows;C:\Windows\System32\Wbem;C:\Windows\System32\WindowsPowerShell\v1.0\;C:\Windows\System32\OpenSSH\;C:\Program Files\Java\jdk1.8.0_211\bin;C:\Program Files\Java\jdk1.8.0_211\jre\bin;C:\Program Files\Git\cmd;C:\Program Files\jad;F:\software\apache-maven-3.6.3\bin;E:\software\ffmpeg\bin;C:\HashiCorp\Vagrant\bin;D:\centos\;C:\Program Files\MySQL\MySQL Shell 8.0\bin\;C:\Users\MaLin\AppData\Local\Microsoft\WindowsApps;C:\Users\MaLin\AppData\Local\GitHubDesktop\bin;F:\software\Microsoft VS Code\bin;."/>
    <property name="java.vm.info" value="mixed mode"/>
    <property name="java.vendor" value="Oracle Corporation"/>
    <property name="java.vm.version" value="25.211-b12"/>
    <property name="java.ext.dirs" value="C:\Program Files\Java\jdk1.8.0_211\jre\lib\ext;C:\Windows\Sun\Java\lib\ext"/>
    <property name="sun.io.unicode.encoding" value="UnicodeLittle"/>
    <property name="java.class.version" value="52.0"/>
  </properties>
  <testcase name="shouldAnswerWithTrue" classname="org.example.AppTest" time="0.001"/>
</testsuite>